<?xml version="1.0" encoding="UTF-8"?>
<!-- Generated by org.testng.reporters.JUnitReportReporter -->
<testsuite hostname="Asha" failures="0" tests="1" name="com.kodesprint.test.WordPressNavigationTest" time="9.797" errors="0" timestamp="2023-09-27T11:27:41 BST" skipped="0">
  <testcase classname="com.kodesprint.test.WordPressNavigationTest" name="testNavigation" time="9.797"/>
</testsuite> <!-- com.kodesprint.test.WordPressNavigationTest -->
