<?xml version="1.0" encoding="UTF-8"?>
<!-- Generated by org.testng.reporters.JUnitReportReporter -->
<testsuite hostname="Asha" failures="0" tests="1" name="com.kodesprint.test.SeleniumPracticeTest" time="17.294" errors="0" timestamp="2023-09-27T20:20:12 BST" skipped="0">
  <testcase classname="com.kodesprint.test.SeleniumPracticeTest" name="testButton" time="17.294"/>
</testsuite> <!-- com.kodesprint.test.SeleniumPracticeTest -->
