<?xml version="1.0" encoding="UTF-8"?>
<!-- Generated by org.testng.reporters.JUnitReportReporter -->
<testsuite hostname="Asha" failures="0" tests="1" name="com.kodesprint.test.ProfileTest" time="8.987" errors="0" timestamp="2023-09-28T17:30:34 BST" skipped="0">
  <testcase classname="com.kodesprint.test.ProfileTest" name="profileUpdate" time="8.987"/>
</testsuite> <!-- com.kodesprint.test.ProfileTest -->
