<?xml version="1.0" encoding="UTF-8"?>
<!-- Generated by org.testng.reporters.JUnitReportReporter -->
<testsuite hostname="Asha" failures="0" tests="1" name="com.kodesprint.test.LoginTest1" time="9.678" errors="0" timestamp="2023-09-21T11:41:48 BST" skipped="0">
  <testcase classname="com.kodesprint.test.LoginTest1" name="validLogin" time="9.678"/>
</testsuite> <!-- com.kodesprint.test.LoginTest1 -->
