<?xml version="1.0" encoding="UTF-8"?>
<!-- Generated by org.testng.reporters.JUnitReportReporter -->
<testsuite hostname="Asha" failures="0" tests="1" name="com.kodesprint.test.LoginTest1" time="4.872" errors="0" timestamp="2023-09-28T17:10:30 BST" skipped="0">
  <testcase classname="com.kodesprint.test.LoginTest1" name="validLogin" time="4.872"/>
</testsuite> <!-- com.kodesprint.test.LoginTest1 -->
