<?xml version="1.0" encoding="UTF-8"?>
<!-- Generated by org.testng.reporters.JUnitReportReporter -->
<testsuite hostname="Asha" failures="0" tests="1" name="com.kodesprint.test.LoginTest" time="6.145" errors="0" timestamp="2023-09-22T12:44:43 BST" skipped="0">
  <testcase classname="com.kodesprint.test.LoginTest" name="validLogin" time="6.145"/>
</testsuite> <!-- com.kodesprint.test.LoginTest -->
